<?xml version="1.0" encoding="UTF-8"?>
<testsuite name="com.rajivnarula.presto.CanaryTest" tests="1" skipped="0" failures="0" errors="0" timestamp="2017-10-16T16:47:41" hostname="RajivNarula.local" time="0.001">
  <properties/>
  <testcase name="test" classname="com.rajivnarula.presto.CanaryTest" time="0.001"/>
  <system-out><![CDATA[]]></system-out>
  <system-err><![CDATA[]]></system-err>
</testsuite>
